<?xml version="1.0" encoding="UTF-8"?>
<!-- Generated by org.testng.reporters.JUnitReportReporter -->
<testsuite hostname="DESKTOP-UJ631HJ" failures="0" tests="4" name="test.VerifyApplicationHeader" time="89.968" errors="0" timestamp="2022-04-07T00:22:24 IST" skipped="0">
  <testcase classname="test.VerifyApplicationHeader" name="verifyTaskPage" time="22.912"/>
  <system-out/>
  <testcase classname="test.VerifyApplicationHeader" name="verifyTaskPage" time="37.408"/>
  <system-out/>
  <testcase classname="test.VerifyApplicationHeader" name="verifyUsersPage" time="20.101"/>
  <system-out/>
  <testcase classname="test.VerifyApplicationHeader" name="verifyUsersPage" time="9.547"/>
  <system-out/>
</testsuite> <!-- test.VerifyApplicationHeader -->
