<?xml version="1.0" encoding="UTF-8"?>
<!-- Generated by org.testng.reporters.JUnitReportReporter -->
<testsuite hostname="DESKTOP-UJ631HJ" failures="0" tests="4" name="test.TestClass" time="90.745" errors="0" timestamp="2022-04-07T00:22:24 IST" skipped="0">
  <testcase classname="test.TestClass" name="verifyTaskPage" time="37.100"/>
  <system-out/>
  <testcase classname="test.TestClass" name="verifyUsersPage" time="19.910"/>
  <system-out/>
  <testcase classname="test.TestClass" name="verifyUsersPage" time="10.500"/>
  <system-out/>
  <testcase classname="test.TestClass" name="verifyTaskPage" time="23.235"/>
  <system-out/>
</testsuite> <!-- test.TestClass -->
