<?xml version="1.0" encoding="UTF-8"?>
<!-- Generated by org.testng.reporters.JUnitReportReporter -->
<testsuite hostname="DESKTOP-UJ631HJ" failures="0" tests="8" name="test.General1234" time="0.010" errors="0" timestamp="2022-03-01T19:04:17 IST" skipped="4">
  <testcase classname="test.General1234" name="testC" time="0.003"/>
  <system-out/>
  <testcase classname="test.General1234" name="testD" time="0.002"/>
  <system-out/>
  <testcase classname="test.General1234" name="testC" time="0.003"/>
  <system-out/>
  <testcase classname="test.General1234" name="testD" time="0.002"/>
  <system-out/>
  <testcase classname="test.General1234" name="testA">
    <skipped/>
  </testcase> <!-- testA -->
  <system-out/>
  <testcase classname="test.General1234" name="testA">
    <skipped/>
  </testcase> <!-- testA -->
  <system-out/>
  <testcase classname="test.General1234" name="testB">
    <skipped/>
  </testcase> <!-- testB -->
  <system-out/>
  <testcase classname="test.General1234" name="testB">
    <skipped/>
  </testcase> <!-- testB -->
  <system-out/>
</testsuite> <!-- test.General1234 -->
