<?xml version="1.0" encoding="UTF-8"?>
<!-- Generated by org.testng.reporters.JUnitReportReporter -->
<testsuite hostname="DESKTOP-UJ631HJ" failures="0" tests="2" name="test.TestClass1" time="15.912" errors="0" timestamp="2022-02-21T23:24:17 IST" skipped="0">
  <testcase classname="test.TestClass1" name="verifyTaskPage" time="11.984"/>
  <system-out/>
  <testcase classname="test.TestClass1" name="verifyUsersPage" time="3.928"/>
  <system-out/>
</testsuite> <!-- test.TestClass1 -->
