<?xml version="1.0" encoding="UTF-8"?>
<!-- Generated by org.testng.reporters.JUnitReportReporter -->
<testsuite hostname="DESKTOP-UJ631HJ" failures="0" tests="8" name="test.General" time="0.020" errors="0" timestamp="2022-03-01T00:49:29 IST" skipped="4">
  <testcase classname="test.General" name="testA" time="0.008"/>
  <system-out/>
  <testcase classname="test.General" name="testA" time="0.002"/>
  <system-out/>
  <testcase classname="test.General" name="testB" time="0.003"/>
  <system-out/>
  <testcase classname="test.General" name="testB" time="0.007"/>
  <system-out/>
  <testcase classname="test.General" name="testD">
    <skipped/>
  </testcase> <!-- testD -->
  <system-out/>
  <testcase classname="test.General" name="testD">
    <skipped/>
  </testcase> <!-- testD -->
  <system-out/>
  <testcase classname="test.General" name="testC">
    <skipped/>
  </testcase> <!-- testC -->
  <system-out/>
  <testcase classname="test.General" name="testC">
    <skipped/>
  </testcase> <!-- testC -->
  <system-out/>
</testsuite> <!-- test.General -->
